<?xml version="1.0" encoding="UTF-8"?>
<testng-results skipped="0" failed="0" ignored="0" total="2" passed="2">
  <reporter-output>
  </reporter-output>
  <suite name="Default suite" duration-ms="22093" started-at="2022-10-08T13:19:30 IST" finished-at="2022-10-08T13:19:52 IST">
    <groups>
    </groups>
    <test name="Default test" duration-ms="22093" started-at="2022-10-08T13:19:30 IST" finished-at="2022-10-08T13:19:52 IST">
      <class name="AutomateWebApplication">
        <test-method status="PASS" signature="login()[pri:0, instance:AutomateWebApplication@5f282abb]" name="login" duration-ms="11075" started-at="2022-10-08T13:19:30 IST" finished-at="2022-10-08T13:19:41 IST">
          <reporter-output>
          </reporter-output>
        </test-method> <!-- login -->
        <test-method status="PASS" signature="registration()[pri:0, instance:AutomateWebApplication@5f282abb]" name="registration" duration-ms="10960" started-at="2022-10-08T13:19:41 IST" finished-at="2022-10-08T13:19:52 IST">
          <reporter-output>
          </reporter-output>
        </test-method> <!-- registration -->
      </class> <!-- AutomateWebApplication -->
    </test> <!-- Default test -->
  </suite> <!-- Default suite -->
</testng-results>
